<?xml version="1.0" encoding="UTF-8"?>
<!-- Generated by org.testng.reporters.JUnitXMLReporter -->
<testsuite ignored="0" hostname="DESKTOP-0P43UTC" failures="1" tests="6" name="Default test(failed)" time="104.516" errors="0" timestamp="2026-08-25T15:02:58 IST">
  <testcase classname="practice.Listener" name="createInvoiceTest" time="5.613">
    <skipped/>
  </testcase> <!-- createInvoiceTest -->
  <testcase classname="practice.Listener" name="createInvoiceTest" time="4.785">
    <skipped/>
  </testcase> <!-- createInvoiceTest -->
  <testcase classname="practice.Listener" name="createInvoiceTest" time="0.224">
    <skipped/>
  </testcase> <!-- createInvoiceTest -->
  <testcase classname="practice.Listener" name="createInvoiceTest" time="4.69">
    <skipped/>
  </testcase> <!-- createInvoiceTest -->
  <testcase classname="practice.Listener" name="createInvoiceTest" time="0.031">
    <skipped/>
  </testcase> <!-- createInvoiceTest -->
  <testcase classname="practice.Listener" name="createInvoiceTest" time="0.147">
    <failure type="java.lang.AssertionError" message="expected [Login] but found [Administrator - Home - vtiger CRM 5 - Commercial Open Source CRM]">
      <![CDATA[java.lang.AssertionError: expected [Login] but found [Administrator - Home - vtiger CRM 5 - Commercial Open Source CRM]
at practice.Listener.createInvoiceTest(Listener.java:17)
at java.base/java.util.ArrayList.forEach(ArrayList.java:1596)
... Removed 31 stack frames]]>
    </failure>
  </testcase> <!-- createInvoiceTest -->
</testsuite> <!-- Default test(failed) -->
