<?xml version="1.0" encoding="UTF-8"?>
<!-- Generated by org.testng.reporters.JUnitReportReporter -->
<testsuite hostname="DESKTOP-0P43UTC" failures="0" tests="1" name="practiceDataDrivenTesting.SeleniumTestReadDataFromRunTimeTest" time="0.016" errors="0" timestamp="06 Aug 2026 10:18:50 GMT" skipped="0">
  <testcase classname="practiceDataDrivenTesting.SeleniumTestReadDataFromRunTimeTest" name="runtimeParameter" time="0.016"/>
</testsuite> <!-- practiceDataDrivenTesting.SeleniumTestReadDataFromRunTimeTest -->
