<?xml version="1.0" encoding="UTF-8"?>
<!-- Generated by org.testng.reporters.JUnitReportReporter -->
<testsuite hostname="DESKTOP-0P43UTC" failures="0" tests="1" name="practiceDataDrivenTesting.SampleUnitTestCheckPrjInBackEnd" time="0.889" errors="0" timestamp="08 Aug 2026 06:34:58 GMT" skipped="0">
  <testcase classname="practiceDataDrivenTesting.SampleUnitTestCheckPrjInBackEnd" name="projectCheckTest" time="0.889"/>
</testsuite> <!-- practiceDataDrivenTesting.SampleUnitTestCheckPrjInBackEnd -->
