<?xml version="1.0" encoding="UTF-8"?>
<!-- Generated by org.testng.reporters.JUnitReportReporter -->
<testsuite hostname="DESKTOP-0P43UTC" failures="0" tests="3" name="com.comcast.crm.contacttest.CreateContactWithName_ORG_SupportsDatesTest" time="31.263" errors="0" timestamp="2026-09-10T13:00:02 IST" skipped="0">
  <testcase classname="com.comcast.crm.contacttest.CreateContactWithName_ORG_SupportsDatesTest" name="ContactWithSupportDates" time="8.505">
    <system-out>
      <![CDATA[2026-09-10 is created successfully
2026-10-10 is created successfully]]>
    </system-out>
  </testcase> <!-- ContactWithSupportDates -->
  <testcase classname="com.comcast.crm.contacttest.CreateContactWithName_ORG_SupportsDatesTest" name="createContact" time="9.030">
    <system-out>
      <![CDATA[lakshmi2617 is created]]>
    </system-out>
  </testcase> <!-- createContact -->
  <testcase classname="com.comcast.crm.contacttest.CreateContactWithName_ORG_SupportsDatesTest" name="ContactWithOrg" time="13.728">
    <system-out>
      <![CDATA[wattsapp1529 is created successfully
siri1054 is created successfully
wattsapp1529 is created successfully]]>
    </system-out>
  </testcase> <!-- ContactWithOrg -->
  <system-out>
    <![CDATA[wattsapp1529 is created successfully
siri1054 is created successfully
wattsapp1529 is created successfully
2026-09-10 is created successfully
2026-10-10 is created successfully
lakshmi2617 is created]]>
  </system-out>
</testsuite> <!-- com.comcast.crm.contacttest.CreateContactWithName_ORG_SupportsDatesTest -->
