<?xml version="1.0" encoding="UTF-8"?>
<!-- Generated by org.testng.reporters.JUnitReportReporter -->
<testsuite hostname="DESKTOP-0P43UTC" failures="0" tests="1" name="com.comcast.crm.contacttest.CreateContactWithName_ORG_SupportsDatesTest" time="43.365" errors="0" timestamp="2026-09-08T15:39:44 IST" skipped="0">
  <testcase classname="com.comcast.crm.contacttest.CreateContactWithName_ORG_SupportsDatesTest" name="createContact" time="43.365">
    <system-out>
      <![CDATA[lakshmi4857 is created]]>
    </system-out>
  </testcase> <!-- createContact -->
  <system-out>
    <![CDATA[lakshmi4857 is created
FaceBook_4978 is created successfully header
FaceBook_4978 is created successfully]]>
  </system-out>
</testsuite> <!-- com.comcast.crm.contacttest.CreateContactWithName_ORG_SupportsDatesTest -->
