<?xml version="1.0" encoding="UTF-8"?>
<!-- Generated by org.testng.reporters.JUnitReportReporter -->
<testsuite hostname="DESKTOP-0P43UTC" failures="0" tests="1" name="com.comcast.crm.contacttest.CreateContactWithName_ORG_SupportsDates" time="62.264" errors="0" timestamp="2026-09-02T16:13:30 IST" skipped="0">
  <testcase classname="com.comcast.crm.contacttest.CreateContactWithName_ORG_SupportsDates" name="createContact" time="62.264">
    <system-out>
      <![CDATA[lakshmi1392 is created]]>
    </system-out>
  </testcase> <!-- createContact -->
  <system-out>
    <![CDATA[lakshmi1392 is created]]>
  </system-out>
</testsuite> <!-- com.comcast.crm.contacttest.CreateContactWithName_ORG_SupportsDates -->
