<?xml version="1.0" encoding="UTF-8"?>
<!-- Generated by org.testng.reporters.JUnitReportReporter -->
<testsuite hostname="DESKTOP-0P43UTC" failures="0" tests="1" name="com.comcast.crm.orgtest.CreateOrg_phnnum_IndustriesTest" time="39.659" errors="0" timestamp="2026-09-08T15:39:44 IST" skipped="0">
  <testcase classname="com.comcast.crm.orgtest.CreateOrg_phnnum_IndustriesTest" name="createOrg" time="39.659">
    <system-out>
      <![CDATA[FaceBook_4978 is created successfully header
FaceBook_4978 is created successfully]]>
    </system-out>
  </testcase> <!-- createOrg -->
  <system-out>
    <![CDATA[lakshmi4857 is created
FaceBook_4978 is created successfully header
FaceBook_4978 is created successfully]]>
  </system-out>
</testsuite> <!-- com.comcast.crm.orgtest.CreateOrg_phnnum_IndustriesTest -->
