<?xml version="1.0" encoding="UTF-8"?>
<!-- Generated by org.testng.reporters.JUnitReportReporter -->
<testsuite hostname="DESKTOP-0P43UTC" failures="0" tests="2" name="practice_contactTest.contactmoduletest" time="0.025" errors="0" timestamp="2026-08-17T12:52:24 IST" skipped="0">
  <testcase classname="practice_contactTest.contactmoduletest" name="contactwithdates" time="0.018"/>
  <testcase classname="practice_contactTest.contactmoduletest" name="createcontact" time="0.007"/>
</testsuite> <!-- practice_contactTest.contactmoduletest -->
