<?xml version="1.0" encoding="UTF-8"?>
<!-- Generated by org.testng.reporters.JUnitReportReporter -->
<testsuite hostname="DESKTOP-0P43UTC" failures="0" tests="3" name="com.comcast.crm.orgtest.CreateOrg_phnnum_IndustriesTest" time="29.217" errors="0" timestamp="2026-09-10T13:01:12 IST" skipped="0">
  <testcase classname="com.comcast.crm.orgtest.CreateOrg_phnnum_IndustriesTest" name="orgWithIndustries" time="11.018">
    <system-out>
      <![CDATA[Instagram_3087 is created successfully header
Instagram_3087 is created successfully
Energy is created successfully
Press is created successfully]]>
    </system-out>
  </testcase> <!-- orgWithIndustries -->
  <testcase classname="com.comcast.crm.orgtest.CreateOrg_phnnum_IndustriesTest" name="createOrg" time="9.988">
    <system-out>
      <![CDATA[FaceBook_3424 is created successfully header
FaceBook_3424 is created successfully]]>
    </system-out>
  </testcase> <!-- createOrg -->
  <testcase classname="com.comcast.crm.orgtest.CreateOrg_phnnum_IndustriesTest" name="orgWithPhnnum" time="8.211">
    <system-out>
      <![CDATA[wattsapp_4511 is created successfully header
wattsapp_4511 is created successfully
9878987656 is created successfully]]>
    </system-out>
  </testcase> <!-- orgWithPhnnum -->
  <system-out>
    <![CDATA[FaceBook_3424 is created successfully header
FaceBook_3424 is created successfully
Instagram_3087 is created successfully header
Instagram_3087 is created successfully
Energy is created successfully
Press is created successfully
wattsapp_4511 is created successfully header
wattsapp_4511 is created successfully
9878987656 is created successfully]]>
  </system-out>
</testsuite> <!-- com.comcast.crm.orgtest.CreateOrg_phnnum_IndustriesTest -->
