<?xml version="1.0" encoding="UTF-8"?>
<!-- Generated by org.testng.reporters.JUnitReportReporter -->
<testsuite hostname="DESKTOP-0P43UTC" failures="0" tests="2" name="practice_orgTest.orgmoduleTest" time="0.008" errors="0" timestamp="2026-08-17T12:52:24 IST" skipped="0">
  <testcase classname="practice_orgTest.orgmoduleTest" name="createOrg" time="0.004"/>
  <testcase classname="practice_orgTest.orgmoduleTest" name="orgithIndustries" time="0.004"/>
</testsuite> <!-- practice_orgTest.orgmoduleTest -->
