<?xml version="1.0" encoding="UTF-8"?>
<!-- Generated by org.testng.reporters.JUnitReportReporter -->
<testsuite hostname="DESKTOP-0P43UTC" failures="0" tests="2" name="practiceAssertion.HomePageVerificationTest" time="26.803" errors="0" timestamp="2026-08-19T11:04:04 IST" skipped="0">
  <testcase classname="practiceAssertion.HomePageVerificationTest" name="homeLogoVErification" time="14.554"/>
  <testcase classname="practiceAssertion.HomePageVerificationTest" name="homeVerification" time="12.249"/>
</testsuite> <!-- practiceAssertion.HomePageVerificationTest -->
