<?xml version="1.0" encoding="UTF-8"?>
<testng-results ignored="0" total="1" passed="1" failed="0" skipped="0">
  <reporter-output>
  </reporter-output>
  <suite started-at="2026-08-06T10:59:21Z" name="Surefire suite" finished-at="2026-08-06T10:59:43Z" duration-ms="21929">
    <groups>
    </groups>
    <test started-at="2026-08-06T10:59:21Z" name="Surefire test" finished-at="2026-08-06T10:59:43Z" duration-ms="21929">
      <class name="practiceDataDrivenTesting.CreateorgWithCMDTest">
        <test-method signature="createorgtest()[pri:0, instance:practiceDataDrivenTesting.CreateorgWithCMDTest@6c3f5566]" started-at="2026-08-06T10:59:21Z" name="createorgtest" finished-at="2026-08-06T10:59:43Z" duration-ms="21903" status="PASS">
          <reporter-output>
          </reporter-output>
        </test-method> <!-- createorgtest -->
      </class> <!-- practiceDataDrivenTesting.CreateorgWithCMDTest -->
    </test> <!-- Surefire test -->
  </suite> <!-- Surefire suite -->
</testng-results>
