<?xml version="1.0" encoding="UTF-8"?>
<!-- Generated by org.testng.reporters.JUnitXMLReporter -->
<testsuite ignored="0" hostname="DESKTOP-0P43UTC" failures="0" tests="3" name="Default test" time="35.521" errors="0" timestamp="2026-09-10T13:01:11 IST">
  <testcase classname="com.comcast.crm.orgtest.CreateOrg_phnnum_IndustriesTest" name="createOrg" time="5.18"/>
  <testcase classname="com.comcast.crm.orgtest.CreateOrg_phnnum_IndustriesTest" name="orgWithIndustries" time="4.741"/>
  <testcase classname="com.comcast.crm.orgtest.CreateOrg_phnnum_IndustriesTest" name="orgWithPhnnum" time="4.056"/>
</testsuite> <!-- Default test -->
