<?xml version="1.0" encoding="UTF-8"?>
<!-- Generated by org.testng.reporters.JUnitXMLReporter -->
<testsuite ignored="2" hostname="DESKTOP-0P43UTC" failures="0" tests="1" name="Default test" time="86.932" errors="0" timestamp="2026-09-02T16:13:29 IST">
  <testcase classname="com.comcast.crm.contacttest.CreateContactWithName_ORG_SupportsDates" name="createContact" time="51.926"/>
  <testcase classname="com.comcast.crm.contacttest.CreateContactWithName_ORG_SupportsDates" name="ContactWithSupportDates" time="0.0">
    <ignored/>
  </testcase> <!-- ContactWithSupportDates -->
  <testcase classname="com.comcast.crm.contacttest.CreateContactWithName_ORG_SupportsDates" name="ContactWithOrg" time="0.0">
    <ignored/>
  </testcase> <!-- ContactWithOrg -->
</testsuite> <!-- Default test -->
