<?xml version="1.0" encoding="UTF-8"?>
<!-- Generated by org.testng.reporters.JUnitXMLReporter -->
<testsuite ignored="6" hostname="DESKTOP-0P43UTC" failures="0" tests="2" name="Test" time="100.315" errors="0" timestamp="2026-09-08T15:39:43 IST">
  <testcase classname="com.comcast.crm.contacttest.CreateContactWithName_ORG_SupportsDatesTest" name="createContact" time="31.395"/>
  <testcase classname="com.comcast.crm.orgtest.CreateOrg_phnnum_IndustriesTest" name="createOrg" time="27.919"/>
  <testcase classname="com.comcast.crm.contacttest.CreateContactWithName_ORG_SupportsDatesTest" name="ContactWithSupportDates" time="0.0">
    <ignored/>
  </testcase> <!-- ContactWithSupportDates -->
  <testcase classname="com.comcast.crm.orgtest.CreateOrg_phnnum_IndustriesTest" name="orgWithIndustries" time="0.0">
    <ignored/>
  </testcase> <!-- orgWithIndustries -->
  <testcase classname="com.comcast.crm.orgtest.CreateOrg_phnnum_IndustriesTest" name="orgWithPhnnum" time="0.0">
    <ignored/>
  </testcase> <!-- orgWithPhnnum -->
  <testcase classname="com.comcast.crm.contacttest.CreateContactWithName_ORG_SupportsDatesTest" name="ContactWithOrg" time="0.0">
    <ignored/>
  </testcase> <!-- ContactWithOrg -->
  <testcase classname="com.comcast.crm.basetest.BaseClass" name="@AfterSuite configAS" time="0.0">
    <ignored/>
  </testcase> <!-- @AfterSuite configAS -->
  <testcase classname="com.comcast.crm.basetest.BaseClass" name="@BeforeSuite configBS" time="0.0">
    <ignored/>
  </testcase> <!-- @BeforeSuite configBS -->
</testsuite> <!-- Test -->
