<?xml version="1.0" encoding="UTF-8"?>
<!-- Generated by org.testng.reporters.JUnitXMLReporter -->
<testsuite ignored="2" hostname="DESKTOP-0P43UTC" failures="0" tests="6" name="TestRunner_chrome" time="271.532" errors="0" timestamp="2026-08-18T15:05:30 IST">
  <testcase classname="com.comcast.crm.contacttest.CreateContactWithName_ORG_SupportsDates" name="ContactWithOrg" time="55.3"/>
  <testcase classname="com.comcast.crm.contacttest.CreateContactWithName_ORG_SupportsDates" name="ContactWithSupportDates" time="27.42"/>
  <testcase classname="com.comcast.crm.contacttest.CreateContactWithName_ORG_SupportsDates" name="createContact" time="25.36"/>
  <testcase classname="com.comcast.crm.orgtest.CreateOrg_phnnum_Industries" name="createOrg" time="33.367"/>
  <testcase classname="com.comcast.crm.orgtest.CreateOrg_phnnum_Industries" name="orgWithIndustries" time="17.662"/>
  <testcase classname="com.comcast.crm.orgtest.CreateOrg_phnnum_Industries" name="orgWithPhnnum" time="17.916"/>
  <testcase classname="com.comcast.crm.basetest.BaseClass" name="@BeforeSuite configBS" time="0.0">
    <ignored/>
  </testcase> <!-- @BeforeSuite configBS -->
  <testcase classname="com.comcast.crm.basetest.BaseClass" name="@AfterSuite configAS" time="0.0">
    <ignored/>
  </testcase> <!-- @AfterSuite configAS -->
</testsuite> <!-- TestRunner_chrome -->
